{
  "stats": {
    "suites": 2,
    "tests": 2,
    "passes": 1,
    "pending": 0,
    "failures": 1,
    "start": "2025-09-13T14:28:16.131Z",
    "end": "2025-09-13T14:28:16.197Z",
    "duration": 66,
    "testsRegistered": 2,
    "passPercent": 50,
    "pendingPercent": 0,
    "other": 0,
    "hasOther": false,
    "skipped": 0,
    "hasSkipped": false
  },
  "results": [
    {
      "uuid": "0569dcd9-fe08-4278-9889-22ee71e2ca5a",
      "title": "",
      "fullFile": "C:\\Users\\nabea\\pos_pgats\\projetoAPI\\test\\rest\\controller\\scheduleController.test.js",
      "file": "\\test\\rest\\controller\\scheduleController.test.js",
      "beforeHooks": [],
      "afterHooks": [],
      "tests": [],
      "suites": [
        {
          "uuid": "f4afc208-908a-443d-9a05-b13b6e0befd9",
          "title": "Schedule Controller",
          "fullFile": "C:\\Users\\nabea\\pos_pgats\\projetoAPI\\test\\rest\\controller\\scheduleController.test.js",
          "file": "\\test\\rest\\controller\\scheduleController.test.js",
          "beforeHooks": [],
          "afterHooks": [],
          "tests": [],
          "suites": [
            {
              "uuid": "10dcf056-abef-46b4-a513-a2926e7507a1",
              "title": "POST /schedule",
              "fullFile": "C:\\Users\\nabea\\pos_pgats\\projetoAPI\\test\\rest\\controller\\scheduleController.test.js",
              "file": "\\test\\rest\\controller\\scheduleController.test.js",
              "beforeHooks": [
                {
                  "title": "\"before each\" hook in \"POST /schedule\"",
                  "fullTitle": "Schedule Controller POST /schedule \"before each\" hook in \"POST /schedule\"",
                  "timedOut": false,
                  "duration": 4,
                  "state": null,
                  "speed": null,
                  "pass": false,
                  "fail": false,
                  "pending": false,
                  "context": null,
                  "code": "const postLogin = require('../fixture/requisicoes/login/postLogin.json');\nconst respostaLogin = await request(app)\n    .post('/users/login')\n    .send(postLogin);\ntoken = respostaLogin.body.token;",
                  "err": {},
                  "uuid": "fbb0daf6-431a-4dae-affd-a27212e70b8c",
                  "parentUUID": "10dcf056-abef-46b4-a513-a2926e7507a1",
                  "isHook": true,
                  "skipped": false
                }
              ],
              "afterHooks": [
                {
                  "title": "\"after each\" hook in \"POST /schedule\"",
                  "fullTitle": "Schedule Controller POST /schedule \"after each\" hook in \"POST /schedule\"",
                  "timedOut": false,
                  "duration": 0,
                  "state": null,
                  "speed": null,
                  "pass": false,
                  "fail": false,
                  "pending": false,
                  "context": null,
                  "code": "sinon.restore();",
                  "err": {},
                  "uuid": "c8de6661-93a8-4231-bedb-f5a592f8ee12",
                  "parentUUID": "10dcf056-abef-46b4-a513-a2926e7507a1",
                  "isHook": true,
                  "skipped": false
                }
              ],
              "tests": [
                {
                  "title": "Mock: Quando não informo dia e horário recebo 400",
                  "fullTitle": "Schedule Controller POST /schedule Mock: Quando não informo dia e horário recebo 400",
                  "timedOut": false,
                  "duration": 10,
                  "state": "passed",
                  "speed": "fast",
                  "pass": true,
                  "fail": false,
                  "pending": false,
                  "context": null,
                  "code": "const scheduleService = require('../../../service/scheduleService');\nconst scheduleServiceMock = sinon.stub(scheduleService, 'registerSchedule');\nscheduleServiceMock.throws(new Error('Day and time are required.'));\n           \nconst respostaAgendamento = await request(app)\n    .post('/schedules/register')\n    .set('Authorization', `Bearer ${token}`)\n    .send({\n        day: \"\",\n        time: \"\"\n    });\nexpect(respostaAgendamento.status).to.equal(400);\nexpect(respostaAgendamento.body.message).to.equal('Day and time are required.');",
                  "err": {},
                  "uuid": "f43f4759-4cfc-41c1-b944-d00c0f28943e",
                  "parentUUID": "10dcf056-abef-46b4-a513-a2926e7507a1",
                  "isHook": false,
                  "skipped": false
                },
                {
                  "title": "Mock: Quando informo dia e horário já agendados recebo 409",
                  "fullTitle": "Schedule Controller POST /schedule Mock: Quando informo dia e horário já agendados recebo 409",
                  "timedOut": false,
                  "duration": 5,
                  "state": "failed",
                  "speed": null,
                  "pass": false,
                  "fail": true,
                  "pending": false,
                  "context": null,
                  "code": "const scheduleService = require('../../../service/scheduleService');\nconst scheduleServiceMock = sinon.stub(scheduleService, 'registerSchedule');\nscheduleServiceMock.throws(new Error('Day and time are required.'));\n\nconst respostaAgendamento = await request(app)\n    .post('/schedules/register')\n    .set('Authorization', `Bearer ${token}`)\n    .send({\n        day: \"30/09/2025\",\n        time: \"12:00\"\n    });\n    \nexpect(respostaAgendamento.status).to.equal(409);\nexpect(respostaAgendamento.body.message).to.equal('Schedule already exists for this user at this time.');",
                  "err": {
                    "message": "AssertionError: expected 201 to equal 409",
                    "estack": "AssertionError: expected 201 to equal 409\n    at Context.<anonymous> (test\\rest\\controller\\scheduleController.test.js:51:51)\n    at process.processTicksAndRejections (node:internal/process/task_queues:105:5)",
                    "diff": "- 201\n+ 409\n"
                  },
                  "uuid": "538ff88f-c82e-4f81-860d-2a75c114f8c5",
                  "parentUUID": "10dcf056-abef-46b4-a513-a2926e7507a1",
                  "isHook": false,
                  "skipped": false
                }
              ],
              "suites": [],
              "passes": [
                "f43f4759-4cfc-41c1-b944-d00c0f28943e"
              ],
              "failures": [
                "538ff88f-c82e-4f81-860d-2a75c114f8c5"
              ],
              "pending": [],
              "skipped": [],
              "duration": 15,
              "root": false,
              "rootEmpty": false,
              "_timeout": 10000
            }
          ],
          "passes": [],
          "failures": [],
          "pending": [],
          "skipped": [],
          "duration": 0,
          "root": false,
          "rootEmpty": false,
          "_timeout": 10000
        }
      ],
      "passes": [],
      "failures": [],
      "pending": [],
      "skipped": [],
      "duration": 0,
      "root": true,
      "rootEmpty": true,
      "_timeout": 10000
    }
  ],
  "meta": {
    "mocha": {
      "version": "11.7.2"
    },
    "mochawesome": {
      "options": {
        "quiet": false,
        "reportFilename": "mochawesome",
        "saveHtml": true,
        "saveJson": true,
        "consoleReporter": "spec",
        "useInlineDiffs": false,
        "code": true
      },
      "version": "7.1.3"
    },
    "marge": {
      "options": null,
      "version": "6.2.0"
    }
  }
}